<?xml version="1.0" encoding="UTF-8"?>
<testsuite name="easy.GigasecondTest" tests="5" skipped="0" failures="0" errors="0" timestamp="2021-11-01T06:09:10" hostname="LAPTOP-CEEK0J9S" time="0.005">
  <properties/>
  <testcase name="withFullTimeSpecified" classname="easy.GigasecondTest" time="0.004"/>
  <testcase name="modernTime" classname="easy.GigasecondTest" time="0.0"/>
  <testcase name="beforeEpochTime" classname="easy.GigasecondTest" time="0.0"/>
  <testcase name="afterEpochTime" classname="easy.GigasecondTest" time="0.001"/>
  <testcase name="withFullTimeSpecifiedAndDayRollover" classname="easy.GigasecondTest" time="0.0"/>
  <system-out><![CDATA[]]></system-out>
  <system-err><![CDATA[]]></system-err>
</testsuite>
