<?xml version="1.0" encoding="UTF-8"?>
<testsuite name="medium.FlattenerTest" tests="6" skipped="0" failures="0" errors="0" timestamp="2021-11-14T01:51:07" hostname="LAPTOP-CEEK0J9S" time="0.011">
  <properties/>
  <testcase name="testSixLevelsOfNestingWithNulls" classname="medium.FlattenerTest" time="0.008"/>
  <testcase name="testASingleLevelOfNestingWithNoNulls" classname="medium.FlattenerTest" time="0.0"/>
  <testcase name="testFlatListIsPreserved" classname="medium.FlattenerTest" time="0.0"/>
  <testcase name="testFiveLevelsOfNestingWithNoNulls" classname="medium.FlattenerTest" time="0.001"/>
  <testcase name="testNestedListsFullOfNullsOnly" classname="medium.FlattenerTest" time="0.0"/>
  <testcase name="testSixLevelsOfNestingWithNoNulls" classname="medium.FlattenerTest" time="0.0"/>
  <system-out><![CDATA[]]></system-out>
  <system-err><![CDATA[]]></system-err>
</testsuite>
