<?xml version="1.0" encoding="UTF-8"?>
<testsuite name="medium.RotationalCipherTest" tests="10" skipped="0" failures="0" errors="0" timestamp="2021-11-03T03:02:10" hostname="LAPTOP-CEEK0J9S" time="0.004">
  <properties/>
  <testcase name="rotateCapitalLetters" classname="medium.RotationalCipherTest" time="0.002"/>
  <testcase name="rotateNumbers" classname="medium.RotationalCipherTest" time="0.001"/>
  <testcase name="rotatePunctuation" classname="medium.RotationalCipherTest" time="0.0"/>
  <testcase name="rotateAllLetters" classname="medium.RotationalCipherTest" time="0.0"/>
  <testcase name="rotateSingleCharacterBy0" classname="medium.RotationalCipherTest" time="0.001"/>
  <testcase name="rotateSingleCharacterBy1" classname="medium.RotationalCipherTest" time="0.0"/>
  <testcase name="rotateSingleCharacterBy13" classname="medium.RotationalCipherTest" time="0.0"/>
  <testcase name="rotateSingleCharacterBy26" classname="medium.RotationalCipherTest" time="0.0"/>
  <testcase name="rotateSpaces" classname="medium.RotationalCipherTest" time="0.0"/>
  <testcase name="rotateSingleCharacterWithWrapAround" classname="medium.RotationalCipherTest" time="0.0"/>
  <system-out><![CDATA[]]></system-out>
  <system-err><![CDATA[]]></system-err>
</testsuite>
