<?xml version="1.0" encoding="UTF-8"?>
<testsuite name="medium.TriangleTest" tests="19" skipped="0" failures="0" errors="0" timestamp="2021-11-03T01:18:15" hostname="LAPTOP-CEEK0J9S" time="0.012">
  <properties/>
  <testcase name="verySmallTrianglesCanBeEquilateral" classname="medium.TriangleTest" time="0.003"/>
  <testcase name="isoscelesTrianglesHaveLastTwoSidesEqual" classname="medium.TriangleTest" time="0.0"/>
  <testcase name="trianglesWithOneUnequalSideAreNotEquilateral" classname="medium.TriangleTest" time="0.001"/>
  <testcase name="scaleneTrianglesHaveNoEqualSides" classname="medium.TriangleTest" time="0.0"/>
  <testcase name="trianglesWithNoEqualSidesAreNotEquilateral" classname="medium.TriangleTest" time="0.0"/>
  <testcase name="isoscelesTrianglesHaveFirstAndLastSidesEqual" classname="medium.TriangleTest" time="0.0"/>
  <testcase name="mayNotViolateTriangleInequality" classname="medium.TriangleTest" time="0.002"/>
  <testcase name="firstTriangleInequalityViolation" classname="medium.TriangleTest" time="0.0"/>
  <testcase name="twoSidesEqualAreNotScalene" classname="medium.TriangleTest" time="0.001"/>
  <testcase name="thirdTriangleInequalityViolation" classname="medium.TriangleTest" time="0.0"/>
  <testcase name="allSidesEqualAreNotScalene" classname="medium.TriangleTest" time="0.0"/>
  <testcase name="equilateralTrianglesHaveEqualSides" classname="medium.TriangleTest" time="0.0"/>
  <testcase name="trianglesWithNoSizeAreIllegal" classname="medium.TriangleTest" time="0.001"/>
  <testcase name="isoscelesTrianglesHaveTwoFirstSidesEqual" classname="medium.TriangleTest" time="0.0"/>
  <testcase name="equilateralTrianglesAreAlsoIsosceles" classname="medium.TriangleTest" time="0.0"/>
  <testcase name="verySmallTrianglesCanBeIsosceles" classname="medium.TriangleTest" time="0.001"/>
  <testcase name="noSidesAreEqualCantBeIsoceles" classname="medium.TriangleTest" time="0.0"/>
  <testcase name="secondTriangleInequalityViolation" classname="medium.TriangleTest" time="0.001"/>
  <testcase name="verySmallTrianglesCanBeScalene" classname="medium.TriangleTest" time="0.0"/>
  <system-out><![CDATA[]]></system-out>
  <system-err><![CDATA[]]></system-err>
</testsuite>
