<?xml version="1.0" encoding="UTF-8"?>
<testsuite name="easy.ScrabbleTest" tests="11" skipped="0" failures="0" errors="0" timestamp="2021-11-01T06:42:09" hostname="LAPTOP-CEEK0J9S" time="0.01">
  <properties/>
  <testcase name="testAShortValuableWord" classname="easy.ScrabbleTest" time="0.007"/>
  <testcase name="testEntireAlphabetAvailable" classname="easy.ScrabbleTest" time="0.001"/>
  <testcase name="testAUpperCaseLetter" classname="easy.ScrabbleTest" time="0.0"/>
  <testcase name="testALongMixCaseWord" classname="easy.ScrabbleTest" time="0.0"/>
  <testcase name="testAEnglishLikeWord" classname="easy.ScrabbleTest" time="0.0"/>
  <testcase name="testAValuableLetter" classname="easy.ScrabbleTest" time="0.0"/>
  <testcase name="testALowerCaseLetter" classname="easy.ScrabbleTest" time="0.0"/>
  <testcase name="testAMediumWord" classname="easy.ScrabbleTest" time="0.0"/>
  <testcase name="testAnEmptyInput" classname="easy.ScrabbleTest" time="0.0"/>
  <testcase name="testAShortWord" classname="easy.ScrabbleTest" time="0.0"/>
  <testcase name="testAMediumValuableWord" classname="easy.ScrabbleTest" time="0.0"/>
  <system-out><![CDATA[]]></system-out>
  <system-err><![CDATA[]]></system-err>
</testsuite>
