<?xml version="1.0" encoding="UTF-8"?>
<testsuite name="medium.WordCountTest" tests="13" skipped="0" failures="0" errors="0" timestamp="2021-11-14T04:21:32" hostname="LAPTOP-CEEK0J9S" time="0.015">
  <properties/>
  <testcase name="handlesExpandedLists" classname="medium.WordCountTest" time="0.007"/>
  <testcase name="withQuotations" classname="medium.WordCountTest" time="0.001"/>
  <testcase name="normalizeCase" classname="medium.WordCountTest" time="0.0"/>
  <testcase name="multipleSpacesNotDetectedAsAWord" classname="medium.WordCountTest" time="0.001"/>
  <testcase name="countOneOfEachWord" classname="medium.WordCountTest" time="0.0"/>
  <testcase name="handlesCrampedLists" classname="medium.WordCountTest" time="0.0"/>
  <testcase name="withApostrophes" classname="medium.WordCountTest" time="0.001"/>
  <testcase name="countOneWord" classname="medium.WordCountTest" time="0.0"/>
  <testcase name="alternatingWordSeperatorsNotDetectedAsAWord" classname="medium.WordCountTest" time="0.001"/>
  <testcase name="substringsFromTheBeginning" classname="medium.WordCountTest" time="0.001"/>
  <testcase name="multipleOccurrencesOfAWord" classname="medium.WordCountTest" time="0.0"/>
  <testcase name="includeNumbers" classname="medium.WordCountTest" time="0.0"/>
  <testcase name="ignorePunctuation" classname="medium.WordCountTest" time="0.001"/>
  <system-out><![CDATA[]]></system-out>
  <system-err><![CDATA[]]></system-err>
</testsuite>
