<?xml version="1.0" encoding="UTF-8"?>
<testsuite name="easy.DifferenceOfSquaresCalculatorTest" tests="9" skipped="0" failures="0" errors="0" timestamp="2021-11-01T07:06:15" hostname="LAPTOP-CEEK0J9S" time="0.005">
  <properties/>
  <testcase name="testDifferenceOfSquaresUpToHundred" classname="easy.DifferenceOfSquaresCalculatorTest" time="0.003"/>
  <testcase name="testSquareOfSumUpToOne" classname="easy.DifferenceOfSquaresCalculatorTest" time="0.0"/>
  <testcase name="testSquareOfSumUpToHundred" classname="easy.DifferenceOfSquaresCalculatorTest" time="0.001"/>
  <testcase name="testDifferenceOfSquaresUpToOne" classname="easy.DifferenceOfSquaresCalculatorTest" time="0.0"/>
  <testcase name="testSumOfSquaresUpToHundred" classname="easy.DifferenceOfSquaresCalculatorTest" time="0.0"/>
  <testcase name="testSquareOfSumUpToFive" classname="easy.DifferenceOfSquaresCalculatorTest" time="0.0"/>
  <testcase name="testDifferenceOfSquaresUpToFive" classname="easy.DifferenceOfSquaresCalculatorTest" time="0.001"/>
  <testcase name="testSumOfSquaresUpToOne" classname="easy.DifferenceOfSquaresCalculatorTest" time="0.0"/>
  <testcase name="testSumOfSquaresUpToFive" classname="easy.DifferenceOfSquaresCalculatorTest" time="0.0"/>
  <system-out><![CDATA[]]></system-out>
  <system-err><![CDATA[]]></system-err>
</testsuite>
